<?xml version="1.0" encoding="UTF-8"?>
<!-- Generated by org.testng.reporters.JUnitReportReporter -->
<testsuite hostname="SWARAJ" failures="0" tests="2" name="com.mystore.testcases.IndexPageTest" time="12.074" errors="0" timestamp="2024-07-29T09:42:59 IST" skipped="0">
  <testcase classname="com.mystore.testcases.IndexPageTest" name="verifyLogo" time="4.706"/>
  <system-out/>
  <testcase classname="com.mystore.testcases.IndexPageTest" name="verifyStoreTitle" time="7.368"/>
  <system-out/>
</testsuite> <!-- com.mystore.testcases.IndexPageTest -->
