<?xml version="1.0" encoding="UTF-8"?>
<!-- Generated by org.testng.reporters.JUnitReportReporter -->
<testsuite hostname="SWARAJ" failures="0" tests="1" name="com.mystore.utility.Log4jDemo" time="0.012" errors="0" timestamp="2024-07-28T02:23:22 IST" skipped="0">
  <testcase classname="com.mystore.utility.Log4jDemo" name="testCase" time="0.012"/>
  <system-out/>
</testsuite> <!-- com.mystore.utility.Log4jDemo -->
