<?xml version="1.0" encoding="UTF-8"?>
<!-- Generated by org.testng.reporters.JUnitReportReporter -->
<testsuite hostname="SWARAJ" failures="0" tests="1" name="com.testcases.Log4jDemo" time="0.018" errors="0" timestamp="2024-07-28T11:52:36 IST" skipped="0">
  <testcase classname="com.testcases.Log4jDemo" name="testCase" time="0.018"/>
  <system-out/>
</testsuite> <!-- com.testcases.Log4jDemo -->
